{"uid":"b0ec683311387f0c","name":"Valida preenchimento dos campos e preenche formulario","fullName":"TesteVericode/Features/Formulario Enter Vehicle Data/Valida preenchimento dos campos e preenche formulario","historyId":"69fcedd2695a7e3a4f17fc46a7450b42","time":{"start":1743272015482,"stop":1743272028353,"duration":12871},"status":"broken","statusMessage":"element click intercepted: Element <input id=\"righthanddriveyes\" name=\"Right Hand Drive\" type=\"radio\" value=\"Yes\" style=\"position: absolute; left: -9999px;\"> is not clickable at point (312, 424). Other element would receive the click: <span class=\"ideal-radio\"></span>\n  (Session info: chrome=134.0.6998.178)","statusTrace":"OpenQA.Selenium.ElementClickInterceptedException: element click intercepted: Element <input id=\"righthanddriveyes\" name=\"Right Hand Drive\" type=\"radio\" value=\"Yes\" style=\"position: absolute; left: -9999px;\"> is not clickable at point (312, 424). Other element would receive the click: <span class=\"ideal-radio\"></span>\n  (Session info: chrome=134.0.6998.178)\r\n   at OpenQA.Selenium.WebDriver.UnpackAndThrowOnError(Response errorResponse, String commandToExecute)\r\n   at OpenQA.Selenium.WebDriver.ExecuteAsync(String driverCommandToExecute, Dictionary`2 parameters)\r\n   at OpenQA.Selenium.WebDriver.InternalExecute(String driverCommandToExecute, Dictionary`2 parameters)\r\n   at OpenQA.Selenium.WebElement.Execute(String commandToExecute, Dictionary`2 parameters)\r\n   at OpenQA.Selenium.WebElement.Click()\r\n   at TesteVericode.PageObjects.EnterVehicleDataPage.PreencherCampo(String campo, String valor) in C:\\TesteVericode\\PageObjects\\EnterVehicleDataPage.cs:line 61\r\n   at TesteVericode.StepDefinitions.EnterVehicleDataSteps.GivenPreenchoOsCamposComValoresValidos(DataTable dataTable) in C:\\TesteVericode\\StepDefinitions\\EnterVehicleDataSteps.cs:line 48\r\n   at System.RuntimeMethodHandle.InvokeMethod(Object target, Void** arguments, Signature sig, Boolean isConstructor)\r\n   at System.Reflection.MethodBaseInvoker.InvokeDirectByRefWithFewArgs(Object obj, Span`1 copyOfArgs, BindingFlags invokeAttr)\r\n--- End of stack trace from previous location ---\r\n   at Reqnroll.Bindings.BindingInvoker.InvokeBindingAsync(IBinding binding, IContextManager contextManager, Object[] arguments, ITestTracer testTracer, DurationHolder durationHolder)\r\n   at Reqnroll.Infrastructure.TestExecutionEngine.ExecuteStepMatchAsync(BindingMatch match, Object[] arguments, DurationHolder durationHolder)\r\n   at Reqnroll.Infrastructure.TestExecutionEngine.ExecuteStepAsync(IContextManager contextManager, StepInstance stepInstance)\r\n   at Reqnroll.Infrastructure.TestExecutionEngine.OnAfterLastStepAsync()\r\n   at Reqnroll.TestRunner.CollectScenarioErrorsAsync()\r\n   at Allure.ReqnrollPlugin.SelectiveRun.TestPlanAwareTestRunner.CollectScenarioErrorsAsync()\r\n   at TesteVericode.Features.FormularioEnterVehicleDataFeature.ScenarioCleanupAsync()\r\n   at TesteVericode.Features.FormularioEnterVehicleDataFeature.ValidaPreenchimentoDosCamposEPreencheFormulario() in C:\\TesteVericode\\Features\\EnterVehicleData.feature:line 29\r\n   at NUnit.Framework.Internal.TaskAwaitAdapter.GenericAdapter`1.GetResult()\r\n   at NUnit.Framework.Internal.AsyncToSyncAdapter.Await(Func`1 invoke)\r\n   at NUnit.Framework.Internal.Commands.TestMethodCommand.RunTestMethod(TestExecutionContext context)\r\n   at NUnit.Framework.Internal.Commands.TestMethodCommand.Execute(TestExecutionContext context)\r\n   at NUnit.Framework.Internal.Commands.BeforeAndAfterTestCommand.<>c__DisplayClass1_0.<Execute>b__0()\r\n   at NUnit.Framework.Internal.Commands.DelegatingTestCommand.RunTestMethodInThreadAbortSafeZone(TestExecutionContext context, Action action)","flaky":false,"newFailed":false,"newBroken":false,"newPassed":false,"retriesCount":0,"retriesStatusChange":false,"beforeStages":[],"testStage":{"status":"broken","statusMessage":"element click intercepted: Element <input id=\"righthanddriveyes\" name=\"Right Hand Drive\" type=\"radio\" value=\"Yes\" style=\"position: absolute; left: -9999px;\"> is not clickable at point (312, 424). Other element would receive the click: <span class=\"ideal-radio\"></span>\n  (Session info: chrome=134.0.6998.178)","statusTrace":"OpenQA.Selenium.ElementClickInterceptedException: element click intercepted: Element <input id=\"righthanddriveyes\" name=\"Right Hand Drive\" type=\"radio\" value=\"Yes\" style=\"position: absolute; left: -9999px;\"> is not clickable at point (312, 424). Other element would receive the click: <span class=\"ideal-radio\"></span>\n  (Session info: chrome=134.0.6998.178)\r\n   at OpenQA.Selenium.WebDriver.UnpackAndThrowOnError(Response errorResponse, String commandToExecute)\r\n   at OpenQA.Selenium.WebDriver.ExecuteAsync(String driverCommandToExecute, Dictionary`2 parameters)\r\n   at OpenQA.Selenium.WebDriver.InternalExecute(String driverCommandToExecute, Dictionary`2 parameters)\r\n   at OpenQA.Selenium.WebElement.Execute(String commandToExecute, Dictionary`2 parameters)\r\n   at OpenQA.Selenium.WebElement.Click()\r\n   at TesteVericode.PageObjects.EnterVehicleDataPage.PreencherCampo(String campo, String valor) in C:\\TesteVericode\\PageObjects\\EnterVehicleDataPage.cs:line 61\r\n   at TesteVericode.StepDefinitions.EnterVehicleDataSteps.GivenPreenchoOsCamposComValoresValidos(DataTable dataTable) in C:\\TesteVericode\\StepDefinitions\\EnterVehicleDataSteps.cs:line 48\r\n   at System.RuntimeMethodHandle.InvokeMethod(Object target, Void** arguments, Signature sig, Boolean isConstructor)\r\n   at System.Reflection.MethodBaseInvoker.InvokeDirectByRefWithFewArgs(Object obj, Span`1 copyOfArgs, BindingFlags invokeAttr)\r\n--- End of stack trace from previous location ---\r\n   at Reqnroll.Bindings.BindingInvoker.InvokeBindingAsync(IBinding binding, IContextManager contextManager, Object[] arguments, ITestTracer testTracer, DurationHolder durationHolder)\r\n   at Reqnroll.Infrastructure.TestExecutionEngine.ExecuteStepMatchAsync(BindingMatch match, Object[] arguments, DurationHolder durationHolder)\r\n   at Reqnroll.Infrastructure.TestExecutionEngine.ExecuteStepAsync(IContextManager contextManager, StepInstance stepInstance)\r\n   at Reqnroll.Infrastructure.TestExecutionEngine.OnAfterLastStepAsync()\r\n   at Reqnroll.TestRunner.CollectScenarioErrorsAsync()\r\n   at Allure.ReqnrollPlugin.SelectiveRun.TestPlanAwareTestRunner.CollectScenarioErrorsAsync()\r\n   at TesteVericode.Features.FormularioEnterVehicleDataFeature.ScenarioCleanupAsync()\r\n   at TesteVericode.Features.FormularioEnterVehicleDataFeature.ValidaPreenchimentoDosCamposEPreencheFormulario() in C:\\TesteVericode\\Features\\EnterVehicleData.feature:line 29\r\n   at NUnit.Framework.Internal.TaskAwaitAdapter.GenericAdapter`1.GetResult()\r\n   at NUnit.Framework.Internal.AsyncToSyncAdapter.Await(Func`1 invoke)\r\n   at NUnit.Framework.Internal.Commands.TestMethodCommand.RunTestMethod(TestExecutionContext context)\r\n   at NUnit.Framework.Internal.Commands.TestMethodCommand.Execute(TestExecutionContext context)\r\n   at NUnit.Framework.Internal.Commands.BeforeAndAfterTestCommand.<>c__DisplayClass1_0.<Execute>b__0()\r\n   at NUnit.Framework.Internal.Commands.DelegatingTestCommand.RunTestMethodInThreadAbortSafeZone(TestExecutionContext context, Action action)","steps":[{"name":"Given que eu acesse a pagina Tricentis","time":{"start":1743272015518,"stop":1743272018715,"duration":3197},"status":"passed","steps":[],"attachments":[],"parameters":[],"hasContent":false,"attachmentStep":false,"stepsCount":0,"shouldDisplayMessage":false,"attachmentsCount":0},{"name":"Given preencho os campos com valores validos","time":{"start":1743272018840,"stop":1743272028317,"duration":9477},"status":"broken","statusMessage":"element click intercepted: Element <input id=\"righthanddriveyes\" name=\"Right Hand Drive\" type=\"radio\" value=\"Yes\" style=\"position: absolute; left: -9999px;\"> is not clickable at point (312, 424). Other element would receive the click: <span class=\"ideal-radio\"></span>\n  (Session info: chrome=134.0.6998.178)","statusTrace":"OpenQA.Selenium.ElementClickInterceptedException: element click intercepted: Element <input id=\"righthanddriveyes\" name=\"Right Hand Drive\" type=\"radio\" value=\"Yes\" style=\"position: absolute; left: -9999px;\"> is not clickable at point (312, 424). Other element would receive the click: <span class=\"ideal-radio\"></span>\n  (Session info: chrome=134.0.6998.178)\r\n   at OpenQA.Selenium.WebDriver.UnpackAndThrowOnError(Response errorResponse, String commandToExecute)\r\n   at OpenQA.Selenium.WebDriver.ExecuteAsync(String driverCommandToExecute, Dictionary`2 parameters)\r\n   at OpenQA.Selenium.WebDriver.InternalExecute(String driverCommandToExecute, Dictionary`2 parameters)\r\n   at OpenQA.Selenium.WebElement.Execute(String commandToExecute, Dictionary`2 parameters)\r\n   at OpenQA.Selenium.WebElement.Click()\r\n   at TesteVericode.PageObjects.EnterVehicleDataPage.PreencherCampo(String campo, String valor) in C:\\TesteVericode\\PageObjects\\EnterVehicleDataPage.cs:line 61\r\n   at TesteVericode.StepDefinitions.EnterVehicleDataSteps.GivenPreenchoOsCamposComValoresValidos(DataTable dataTable) in C:\\TesteVericode\\StepDefinitions\\EnterVehicleDataSteps.cs:line 48\r\n   at System.RuntimeMethodHandle.InvokeMethod(Object target, Void** arguments, Signature sig, Boolean isConstructor)\r\n   at System.Reflection.MethodBaseInvoker.InvokeDirectByRefWithFewArgs(Object obj, Span`1 copyOfArgs, BindingFlags invokeAttr)\r\n--- End of stack trace from previous location ---\r\n   at Reqnroll.Bindings.BindingInvoker.InvokeBindingAsync(IBinding binding, IContextManager contextManager, Object[] arguments, ITestTracer testTracer, DurationHolder durationHolder)\r\n   at Reqnroll.Infrastructure.TestExecutionEngine.ExecuteStepMatchAsync(BindingMatch match, Object[] arguments, DurationHolder durationHolder)\r\n   at Reqnroll.Infrastructure.TestExecutionEngine.ExecuteStepAsync(IContextManager contextManager, StepInstance stepInstance)","steps":[],"attachments":[{"uid":"4869bcd8359449c1","name":"Data Table","source":"4869bcd8359449c1.csv","type":"text/csv","size":308},{"uid":"e81fbf2f337b810c","name":"Failed Screenshot","source":"e81fbf2f337b810c.png","type":"application/png","size":51691}],"parameters":[],"hasContent":true,"attachmentStep":false,"stepsCount":0,"shouldDisplayMessage":true,"attachmentsCount":2},{"name":"Given clico no botao Next","time":{"start":1743272028318,"stop":1743272028324,"duration":6},"status":"skipped","steps":[],"attachments":[],"parameters":[],"hasContent":false,"attachmentStep":false,"stepsCount":0,"shouldDisplayMessage":false,"attachmentsCount":0},{"name":"Then deve ser apresentado o formulario \"Enter Insurant Data\"","time":{"start":1743272028326,"stop":1743272028326,"duration":0},"status":"skipped","steps":[],"attachments":[],"parameters":[],"hasContent":false,"attachmentStep":false,"stepsCount":0,"shouldDisplayMessage":false,"attachmentsCount":0}],"attachments":[],"parameters":[],"hasContent":true,"attachmentStep":false,"stepsCount":4,"shouldDisplayMessage":false,"attachmentsCount":2},"afterStages":[],"labels":[{"name":"host","value":"NOTE-THIAGO"},{"name":"thread","value":"NonParallelWorker"},{"name":"language","value":"C#"},{"name":"framework","value":"Reqnroll"},{"name":"package","value":"Features.Formulario Enter Vehicle Data"},{"name":"feature","value":"Formulario Enter Vehicle Data"},{"name":"tag","value":"test"},{"name":"resultFormat","value":"allure2"}],"parameters":[],"links":[],"hidden":true,"retry":true,"extra":{"categories":[],"tags":["test"]},"source":"b0ec683311387f0c.json","parameterValues":[]}